<?xml version="1.0" encoding="UTF-8"?>
<!-- Generated by org.testng.reporters.JUnitReportReporter -->
<testsuite hostname="LAPTOP-G1OQR14U" failures="0" tests="3" name="PracticeDay7TestNG.Priority" time="0.017" errors="0" timestamp="2025-08-30T15:27:44 IST" skipped="0">
  <testcase classname="PracticeDay7TestNG.Priority" name="stepOne" time="0.014">
    <system-out>
      <![CDATA[First test]]>
    </system-out>
  </testcase> <!-- stepOne -->
  <testcase classname="PracticeDay7TestNG.Priority" name="stepTwo" time="0.001">
    <system-out>
      <![CDATA[Second test]]>
    </system-out>
  </testcase> <!-- stepTwo -->
  <testcase classname="PracticeDay7TestNG.Priority" name="stepThree" time="0.002">
    <system-out>
      <![CDATA[Third test]]>
    </system-out>
  </testcase> <!-- stepThree -->
  <system-out>
    <![CDATA[First test
Second test
Third test]]>
  </system-out>
</testsuite> <!-- PracticeDay7TestNG.Priority -->
