<?xml version="1.0" encoding="UTF-8"?>
<!-- Generated by org.testng.reporters.JUnitReportReporter -->
<testsuite hostname="LAPTOP-G1OQR14U" failures="0" tests="2" name="PracticeDay7TestNG.Enabled" time="0.011" errors="0" timestamp="2025-08-30T15:24:11 IST" skipped="1">
  <testcase classname="PracticeDay7TestNG.Enabled" name="thisTestWillRun" time="0.011">
    <system-out>
      <![CDATA[This test will run]]>
    </system-out>
  </testcase> <!-- thisTestWillRun -->
  <testcase classname="PracticeDay7TestNG.Enabled" name="thisTestWillNotRun">
    <skipped/>
  </testcase> <!-- thisTestWillNotRun -->
  <system-out>
    <![CDATA[This test will run]]>
  </system-out>
</testsuite> <!-- PracticeDay7TestNG.Enabled -->
