<?xml version="1.0" encoding="UTF-8"?>
<!-- Generated by org.testng.reporters.JUnitReportReporter -->
<testsuite hostname="LAPTOP-G1OQR14U" failures="0" tests="2" name="PracticeDay7TestNG.DependsOn" time="0.025" errors="0" timestamp="2025-08-30T15:43:13 IST" skipped="0">
  <testcase classname="PracticeDay7TestNG.DependsOn" name="test2" time="0.023">
    <system-out>
      <![CDATA[This test will run first]]>
    </system-out>
  </testcase> <!-- test2 -->
  <testcase classname="PracticeDay7TestNG.DependsOn" name="test1" time="0.002">
    <system-out>
      <![CDATA[This test will run after test 2]]>
    </system-out>
  </testcase> <!-- test1 -->
  <system-out>
    <![CDATA[This test will run first
This test will run after test 2]]>
  </system-out>
</testsuite> <!-- PracticeDay7TestNG.DependsOn -->
