<?xml version="1.0" encoding="UTF-8"?>
<!-- Generated by org.testng.reporters.JUnitReportReporter -->
<testsuite hostname="LAPTOP-G1OQR14U" failures="0" tests="9" name="PracticeDay7TestNG.enterDataUsingDP" time="73.084" errors="0" timestamp="2025-08-30T16:11:24 IST" skipped="0">
  <testcase classname="PracticeDay7TestNG.enterDataUsingDP" name="LoginToFB" time="14.170"/>
  <testcase classname="PracticeDay7TestNG.enterDataUsingDP" name="LoginToFB" time="8.688"/>
  <testcase classname="PracticeDay7TestNG.enterDataUsingDP" name="LoginToFB" time="8.795"/>
  <testcase classname="PracticeDay7TestNG.enterDataUsingDP" name="LoginToFB" time="6.640"/>
  <testcase classname="PracticeDay7TestNG.enterDataUsingDP" name="LoginToFB" time="6.358"/>
  <testcase classname="PracticeDay7TestNG.enterDataUsingDP" name="LoginToFB" time="8.522"/>
  <testcase classname="PracticeDay7TestNG.enterDataUsingDP" name="LoginToFB" time="7.901"/>
  <testcase classname="PracticeDay7TestNG.enterDataUsingDP" name="LoginToFB" time="4.060"/>
  <testcase classname="PracticeDay7TestNG.enterDataUsingDP" name="LoginToFB" time="7.950"/>
</testsuite> <!-- PracticeDay7TestNG.enterDataUsingDP -->
