<?xml version="1.0" encoding="UTF-8"?>
<!-- Generated by org.testng.reporters.JUnitReportReporter -->
<testsuite hostname="LAPTOP-G1OQR14U" failures="0" tests="5" name="PracticeDay7TestNG.InvocationCount" time="28.391" errors="0" timestamp="2025-08-30T15:39:58 IST" skipped="0">
  <testcase classname="PracticeDay7TestNG.InvocationCount" name="thisTestWillRunMultipleTimes" time="6.577"/>
  <testcase classname="PracticeDay7TestNG.InvocationCount" name="thisTestWillRunMultipleTimes" time="4.360"/>
  <testcase classname="PracticeDay7TestNG.InvocationCount" name="thisTestWillRunMultipleTimes" time="6.472"/>
  <testcase classname="PracticeDay7TestNG.InvocationCount" name="thisTestWillRunMultipleTimes" time="4.253"/>
  <testcase classname="PracticeDay7TestNG.InvocationCount" name="thisTestWillRunMultipleTimes" time="6.729"/>
</testsuite> <!-- PracticeDay7TestNG.InvocationCount -->
