<?xml version="1.0" encoding="UTF-8"?>
<!-- Generated by org.testng.reporters.JUnitReportReporter -->
<testsuite hostname="LAPTOP-G1OQR14U" failures="0" tests="2" name="PracticeDay9TestNG.Demo2" time="11.763" errors="0" timestamp="2025-08-30T17:10:10 IST" skipped="0">
  <testcase classname="PracticeDay9TestNG.Demo2" name="case1" time="8.247"/>
  <testcase classname="PracticeDay9TestNG.Demo2" name="case2" time="3.516"/>
</testsuite> <!-- PracticeDay9TestNG.Demo2 -->
