<?xml version="1.0" encoding="UTF-8"?>
<!-- Generated by org.testng.reporters.JUnitReportReporter -->
<testsuite hostname="LAPTOP-G1OQR14U" failures="0" tests="2" name="PracticeDay9TestNG.Demo4" time="12.346" errors="0" timestamp="2025-08-30T17:10:10 IST" skipped="0">
  <testcase classname="PracticeDay9TestNG.Demo4" name="case1" time="8.199"/>
  <testcase classname="PracticeDay9TestNG.Demo4" name="case2" time="4.147"/>
</testsuite> <!-- PracticeDay9TestNG.Demo4 -->
