<?xml version="1.0" encoding="UTF-8"?>
<!-- Generated by org.testng.reporters.JUnitReportReporter -->
<testsuite hostname="LAPTOP-G1OQR14U" failures="0" tests="1" name="AdvanceTestReports.GenerateAdvanceTestReports" time="0.542" errors="0" timestamp="2025-09-01T20:22:28 IST" skipped="0">
  <testcase classname="AdvanceTestReports.GenerateAdvanceTestReports" name="addReports" time="0.542"/>
</testsuite> <!-- AdvanceTestReports.GenerateAdvanceTestReports -->
